[2026-04-04 17:28:28,874] ERROR django.request — Internal Server Error: /api/admin/applications/
Traceback (most recent call last):
  File "/home/caterinw/.local/lib/python3.14/site-packages/django/db/backends/base/base.py", line 279, in ensure_connection
    self.connect()
    ~~~~~~~~~~~~^^
  File "/home/caterinw/.local/lib/python3.14/site-packages/django/utils/asyncio.py", line 26, in inner
    return func(*args, **kwargs)
  File "/home/caterinw/.local/lib/python3.14/site-packages/django/db/backends/base/base.py", line 256, in connect
    self.connection = self.get_new_connection(conn_params)
                      ~~~~~~~~~~~~~~~~~~~~~~~^^^^^^^^^^^^^
  File "/home/caterinw/.local/lib/python3.14/site-packages/django/utils/asyncio.py", line 26, in inner
    return func(*args, **kwargs)
  File "/home/caterinw/.local/lib/python3.14/site-packages/django/db/backends/postgresql/base.py", line 333, in get_new_connection
    connection = self.Database.connect(**conn_params)
  File "/home/caterinw/.local/lib/python3.14/site-packages/psycopg2/__init__.py", line 122, in connect
    conn = _connect(dsn, connection_factory=connection_factory, **kwasync)
psycopg2.OperationalError: could not translate host name "db.ogbabrukutngsdlbryne.supabase.co" to address: No address associated with hostname


The above exception was the direct cause of the following exception:

Traceback (most recent call last):
  File "/home/caterinw/.local/lib/python3.14/site-packages/django/core/handlers/exception.py", line 55, in inner
    response = get_response(request)
  File "/home/caterinw/.local/lib/python3.14/site-packages/django/core/handlers/base.py", line 198, in _get_response
    response = wrapped_callback(request, *callback_args, **callback_kwargs)
  File "/home/caterinw/.local/lib/python3.14/site-packages/django/views/decorators/csrf.py", line 65, in _view_wrapper
    return view_func(request, *args, **kwargs)
  File "/home/caterinw/.local/lib/python3.14/site-packages/django/views/generic/base.py", line 106, in view
    return self.dispatch(request, *args, **kwargs)
           ~~~~~~~~~~~~~^^^^^^^^^^^^^^^^^^^^^^^^^^
  File "/home/caterinw/.local/lib/python3.14/site-packages/rest_framework/views.py", line 515, in dispatch
    response = self.handle_exception(exc)
  File "/home/caterinw/.local/lib/python3.14/site-packages/rest_framework/views.py", line 475, in handle_exception
    self.raise_uncaught_exception(exc)
    ~~~~~~~~~~~~~~~~~~~~~~~~~~~~~^^^^^
  File "/home/caterinw/.local/lib/python3.14/site-packages/rest_framework/views.py", line 486, in raise_uncaught_exception
    raise exc
  File "/home/caterinw/.local/lib/python3.14/site-packages/rest_framework/views.py", line 512, in dispatch
    response = handler(request, *args, **kwargs)
  File "/home/caterinw/.local/lib/python3.14/site-packages/rest_framework/decorators.py", line 50, in handler
    return func(*args, **kwargs)
  File "/home/caterinw/Indrive-AI/backend/candidates/views.py", line 390, in admin_applications
    for app in queryset[:100]:  # cap at 100
               ~~~~~~~~^^^^^^
  File "/home/caterinw/.local/lib/python3.14/site-packages/django/db/models/query.py", line 390, in __iter__
    self._fetch_all()
    ~~~~~~~~~~~~~~~^^
  File "/home/caterinw/.local/lib/python3.14/site-packages/django/db/models/query.py", line 2000, in _fetch_all
    self._result_cache = list(self._iterable_class(self))
                         ~~~~^^^^^^^^^^^^^^^^^^^^^^^^^^^^
  File "/home/caterinw/.local/lib/python3.14/site-packages/django/db/models/query.py", line 95, in __iter__
    results = compiler.execute_sql(
        chunked_fetch=self.chunked_fetch, chunk_size=self.chunk_size
    )
  File "/home/caterinw/.local/lib/python3.14/site-packages/django/db/models/sql/compiler.py", line 1622, in execute_sql
    cursor = self.connection.cursor()
  File "/home/caterinw/.local/lib/python3.14/site-packages/django/utils/asyncio.py", line 26, in inner
    return func(*args, **kwargs)
  File "/home/caterinw/.local/lib/python3.14/site-packages/django/db/backends/base/base.py", line 320, in cursor
    return self._cursor()
           ~~~~~~~~~~~~^^
  File "/home/caterinw/.local/lib/python3.14/site-packages/django/db/backends/base/base.py", line 296, in _cursor
    self.ensure_connection()
    ~~~~~~~~~~~~~~~~~~~~~~^^
  File "/home/caterinw/.local/lib/python3.14/site-packages/django/utils/asyncio.py", line 26, in inner
    return func(*args, **kwargs)
  File "/home/caterinw/.local/lib/python3.14/site-packages/django/db/backends/base/base.py", line 278, in ensure_connection
    with self.wrap_database_errors:
         ^^^^^^^^^^^^^^^^^^^^^^^^^
  File "/home/caterinw/.local/lib/python3.14/site-packages/django/db/utils.py", line 94, in __exit__
    raise dj_exc_value.with_traceback(traceback) from exc_value
  File "/home/caterinw/.local/lib/python3.14/site-packages/django/db/backends/base/base.py", line 279, in ensure_connection
    self.connect()
    ~~~~~~~~~~~~^^
  File "/home/caterinw/.local/lib/python3.14/site-packages/django/utils/asyncio.py", line 26, in inner
    return func(*args, **kwargs)
  File "/home/caterinw/.local/lib/python3.14/site-packages/django/db/backends/base/base.py", line 256, in connect
    self.connection = self.get_new_connection(conn_params)
                      ~~~~~~~~~~~~~~~~~~~~~~~^^^^^^^^^^^^^
  File "/home/caterinw/.local/lib/python3.14/site-packages/django/utils/asyncio.py", line 26, in inner
    return func(*args, **kwargs)
  File "/home/caterinw/.local/lib/python3.14/site-packages/django/db/backends/postgresql/base.py", line 333, in get_new_connection
    connection = self.Database.connect(**conn_params)
  File "/home/caterinw/.local/lib/python3.14/site-packages/psycopg2/__init__.py", line 122, in connect
    conn = _connect(dsn, connection_factory=connection_factory, **kwasync)
django.db.utils.OperationalError: could not translate host name "db.ogbabrukutngsdlbryne.supabase.co" to address: No address associated with hostname

[2026-04-04 17:28:28,892] ERROR django.server — "GET /api/admin/applications/? HTTP/1.1" 500 206119
[2026-04-04 17:29:05,622] ERROR django.request — Internal Server Error: /api/admin/applications/
Traceback (most recent call last):
  File "/home/caterinw/.local/lib/python3.14/site-packages/django/db/backends/base/base.py", line 279, in ensure_connection
    self.connect()
    ~~~~~~~~~~~~^^
  File "/home/caterinw/.local/lib/python3.14/site-packages/django/utils/asyncio.py", line 26, in inner
    return func(*args, **kwargs)
  File "/home/caterinw/.local/lib/python3.14/site-packages/django/db/backends/base/base.py", line 256, in connect
    self.connection = self.get_new_connection(conn_params)
                      ~~~~~~~~~~~~~~~~~~~~~~~^^^^^^^^^^^^^
  File "/home/caterinw/.local/lib/python3.14/site-packages/django/utils/asyncio.py", line 26, in inner
    return func(*args, **kwargs)
  File "/home/caterinw/.local/lib/python3.14/site-packages/django/db/backends/postgresql/base.py", line 333, in get_new_connection
    connection = self.Database.connect(**conn_params)
  File "/home/caterinw/.local/lib/python3.14/site-packages/psycopg2/__init__.py", line 122, in connect
    conn = _connect(dsn, connection_factory=connection_factory, **kwasync)
psycopg2.OperationalError: could not translate host name "db.ogbabrukutngsdlbryne.supabase.co" to address: No address associated with hostname


The above exception was the direct cause of the following exception:

Traceback (most recent call last):
  File "/home/caterinw/.local/lib/python3.14/site-packages/django/core/handlers/exception.py", line 55, in inner
    response = get_response(request)
  File "/home/caterinw/.local/lib/python3.14/site-packages/django/core/handlers/base.py", line 198, in _get_response
    response = wrapped_callback(request, *callback_args, **callback_kwargs)
  File "/home/caterinw/.local/lib/python3.14/site-packages/django/views/decorators/csrf.py", line 65, in _view_wrapper
    return view_func(request, *args, **kwargs)
  File "/home/caterinw/.local/lib/python3.14/site-packages/django/views/generic/base.py", line 106, in view
    return self.dispatch(request, *args, **kwargs)
           ~~~~~~~~~~~~~^^^^^^^^^^^^^^^^^^^^^^^^^^
  File "/home/caterinw/.local/lib/python3.14/site-packages/rest_framework/views.py", line 515, in dispatch
    response = self.handle_exception(exc)
  File "/home/caterinw/.local/lib/python3.14/site-packages/rest_framework/views.py", line 475, in handle_exception
    self.raise_uncaught_exception(exc)
    ~~~~~~~~~~~~~~~~~~~~~~~~~~~~~^^^^^
  File "/home/caterinw/.local/lib/python3.14/site-packages/rest_framework/views.py", line 486, in raise_uncaught_exception
    raise exc
  File "/home/caterinw/.local/lib/python3.14/site-packages/rest_framework/views.py", line 512, in dispatch
    response = handler(request, *args, **kwargs)
  File "/home/caterinw/.local/lib/python3.14/site-packages/rest_framework/decorators.py", line 50, in handler
    return func(*args, **kwargs)
  File "/home/caterinw/Indrive-AI/backend/candidates/views.py", line 390, in admin_applications
    for app in queryset[:100]:  # cap at 100
               ~~~~~~~~^^^^^^
  File "/home/caterinw/.local/lib/python3.14/site-packages/django/db/models/query.py", line 390, in __iter__
    self._fetch_all()
    ~~~~~~~~~~~~~~~^^
  File "/home/caterinw/.local/lib/python3.14/site-packages/django/db/models/query.py", line 2000, in _fetch_all
    self._result_cache = list(self._iterable_class(self))
                         ~~~~^^^^^^^^^^^^^^^^^^^^^^^^^^^^
  File "/home/caterinw/.local/lib/python3.14/site-packages/django/db/models/query.py", line 95, in __iter__
    results = compiler.execute_sql(
        chunked_fetch=self.chunked_fetch, chunk_size=self.chunk_size
    )
  File "/home/caterinw/.local/lib/python3.14/site-packages/django/db/models/sql/compiler.py", line 1622, in execute_sql
    cursor = self.connection.cursor()
  File "/home/caterinw/.local/lib/python3.14/site-packages/django/utils/asyncio.py", line 26, in inner
    return func(*args, **kwargs)
  File "/home/caterinw/.local/lib/python3.14/site-packages/django/db/backends/base/base.py", line 320, in cursor
    return self._cursor()
           ~~~~~~~~~~~~^^
  File "/home/caterinw/.local/lib/python3.14/site-packages/django/db/backends/base/base.py", line 296, in _cursor
    self.ensure_connection()
    ~~~~~~~~~~~~~~~~~~~~~~^^
  File "/home/caterinw/.local/lib/python3.14/site-packages/django/utils/asyncio.py", line 26, in inner
    return func(*args, **kwargs)
  File "/home/caterinw/.local/lib/python3.14/site-packages/django/db/backends/base/base.py", line 278, in ensure_connection
    with self.wrap_database_errors:
         ^^^^^^^^^^^^^^^^^^^^^^^^^
  File "/home/caterinw/.local/lib/python3.14/site-packages/django/db/utils.py", line 94, in __exit__
    raise dj_exc_value.with_traceback(traceback) from exc_value
  File "/home/caterinw/.local/lib/python3.14/site-packages/django/db/backends/base/base.py", line 279, in ensure_connection
    self.connect()
    ~~~~~~~~~~~~^^
  File "/home/caterinw/.local/lib/python3.14/site-packages/django/utils/asyncio.py", line 26, in inner
    return func(*args, **kwargs)
  File "/home/caterinw/.local/lib/python3.14/site-packages/django/db/backends/base/base.py", line 256, in connect
    self.connection = self.get_new_connection(conn_params)
                      ~~~~~~~~~~~~~~~~~~~~~~~^^^^^^^^^^^^^
  File "/home/caterinw/.local/lib/python3.14/site-packages/django/utils/asyncio.py", line 26, in inner
    return func(*args, **kwargs)
  File "/home/caterinw/.local/lib/python3.14/site-packages/django/db/backends/postgresql/base.py", line 333, in get_new_connection
    connection = self.Database.connect(**conn_params)
  File "/home/caterinw/.local/lib/python3.14/site-packages/psycopg2/__init__.py", line 122, in connect
    conn = _connect(dsn, connection_factory=connection_factory, **kwasync)
django.db.utils.OperationalError: could not translate host name "db.ogbabrukutngsdlbryne.supabase.co" to address: No address associated with hostname

[2026-04-04 17:29:05,633] ERROR django.server — "GET /api/admin/applications/? HTTP/1.1" 500 206119
[2026-04-04 17:29:42,922] ERROR django.request — Internal Server Error: /api/admin/applications/
Traceback (most recent call last):
  File "/home/caterinw/.local/lib/python3.14/site-packages/django/db/backends/base/base.py", line 279, in ensure_connection
    self.connect()
    ~~~~~~~~~~~~^^
  File "/home/caterinw/.local/lib/python3.14/site-packages/django/utils/asyncio.py", line 26, in inner
    return func(*args, **kwargs)
  File "/home/caterinw/.local/lib/python3.14/site-packages/django/db/backends/base/base.py", line 256, in connect
    self.connection = self.get_new_connection(conn_params)
                      ~~~~~~~~~~~~~~~~~~~~~~~^^^^^^^^^^^^^
  File "/home/caterinw/.local/lib/python3.14/site-packages/django/utils/asyncio.py", line 26, in inner
    return func(*args, **kwargs)
  File "/home/caterinw/.local/lib/python3.14/site-packages/django/db/backends/postgresql/base.py", line 333, in get_new_connection
    connection = self.Database.connect(**conn_params)
  File "/home/caterinw/.local/lib/python3.14/site-packages/psycopg2/__init__.py", line 122, in connect
    conn = _connect(dsn, connection_factory=connection_factory, **kwasync)
psycopg2.OperationalError: could not translate host name "db.ogbabrukutngsdlbryne.supabase.co" to address: No address associated with hostname


The above exception was the direct cause of the following exception:

Traceback (most recent call last):
  File "/home/caterinw/.local/lib/python3.14/site-packages/django/core/handlers/exception.py", line 55, in inner
    response = get_response(request)
  File "/home/caterinw/.local/lib/python3.14/site-packages/django/core/handlers/base.py", line 198, in _get_response
    response = wrapped_callback(request, *callback_args, **callback_kwargs)
  File "/home/caterinw/.local/lib/python3.14/site-packages/django/views/decorators/csrf.py", line 65, in _view_wrapper
    return view_func(request, *args, **kwargs)
  File "/home/caterinw/.local/lib/python3.14/site-packages/django/views/generic/base.py", line 106, in view
    return self.dispatch(request, *args, **kwargs)
           ~~~~~~~~~~~~~^^^^^^^^^^^^^^^^^^^^^^^^^^
  File "/home/caterinw/.local/lib/python3.14/site-packages/rest_framework/views.py", line 515, in dispatch
    response = self.handle_exception(exc)
  File "/home/caterinw/.local/lib/python3.14/site-packages/rest_framework/views.py", line 475, in handle_exception
    self.raise_uncaught_exception(exc)
    ~~~~~~~~~~~~~~~~~~~~~~~~~~~~~^^^^^
  File "/home/caterinw/.local/lib/python3.14/site-packages/rest_framework/views.py", line 486, in raise_uncaught_exception
    raise exc
  File "/home/caterinw/.local/lib/python3.14/site-packages/rest_framework/views.py", line 512, in dispatch
    response = handler(request, *args, **kwargs)
  File "/home/caterinw/.local/lib/python3.14/site-packages/rest_framework/decorators.py", line 50, in handler
    return func(*args, **kwargs)
  File "/home/caterinw/Indrive-AI/backend/candidates/views.py", line 390, in admin_applications
    for app in queryset[:100]:  # cap at 100
               ~~~~~~~~^^^^^^
  File "/home/caterinw/.local/lib/python3.14/site-packages/django/db/models/query.py", line 390, in __iter__
    self._fetch_all()
    ~~~~~~~~~~~~~~~^^
  File "/home/caterinw/.local/lib/python3.14/site-packages/django/db/models/query.py", line 2000, in _fetch_all
    self._result_cache = list(self._iterable_class(self))
                         ~~~~^^^^^^^^^^^^^^^^^^^^^^^^^^^^
  File "/home/caterinw/.local/lib/python3.14/site-packages/django/db/models/query.py", line 95, in __iter__
    results = compiler.execute_sql(
        chunked_fetch=self.chunked_fetch, chunk_size=self.chunk_size
    )
  File "/home/caterinw/.local/lib/python3.14/site-packages/django/db/models/sql/compiler.py", line 1622, in execute_sql
    cursor = self.connection.cursor()
  File "/home/caterinw/.local/lib/python3.14/site-packages/django/utils/asyncio.py", line 26, in inner
    return func(*args, **kwargs)
  File "/home/caterinw/.local/lib/python3.14/site-packages/django/db/backends/base/base.py", line 320, in cursor
    return self._cursor()
           ~~~~~~~~~~~~^^
  File "/home/caterinw/.local/lib/python3.14/site-packages/django/db/backends/base/base.py", line 296, in _cursor
    self.ensure_connection()
    ~~~~~~~~~~~~~~~~~~~~~~^^
  File "/home/caterinw/.local/lib/python3.14/site-packages/django/utils/asyncio.py", line 26, in inner
    return func(*args, **kwargs)
  File "/home/caterinw/.local/lib/python3.14/site-packages/django/db/backends/base/base.py", line 278, in ensure_connection
    with self.wrap_database_errors:
         ^^^^^^^^^^^^^^^^^^^^^^^^^
  File "/home/caterinw/.local/lib/python3.14/site-packages/django/db/utils.py", line 94, in __exit__
    raise dj_exc_value.with_traceback(traceback) from exc_value
  File "/home/caterinw/.local/lib/python3.14/site-packages/django/db/backends/base/base.py", line 279, in ensure_connection
    self.connect()
    ~~~~~~~~~~~~^^
  File "/home/caterinw/.local/lib/python3.14/site-packages/django/utils/asyncio.py", line 26, in inner
    return func(*args, **kwargs)
  File "/home/caterinw/.local/lib/python3.14/site-packages/django/db/backends/base/base.py", line 256, in connect
    self.connection = self.get_new_connection(conn_params)
                      ~~~~~~~~~~~~~~~~~~~~~~~^^^^^^^^^^^^^
  File "/home/caterinw/.local/lib/python3.14/site-packages/django/utils/asyncio.py", line 26, in inner
    return func(*args, **kwargs)
  File "/home/caterinw/.local/lib/python3.14/site-packages/django/db/backends/postgresql/base.py", line 333, in get_new_connection
    connection = self.Database.connect(**conn_params)
  File "/home/caterinw/.local/lib/python3.14/site-packages/psycopg2/__init__.py", line 122, in connect
    conn = _connect(dsn, connection_factory=connection_factory, **kwasync)
django.db.utils.OperationalError: could not translate host name "db.ogbabrukutngsdlbryne.supabase.co" to address: No address associated with hostname

[2026-04-04 17:29:42,929] ERROR django.server — "GET /api/admin/applications/? HTTP/1.1" 500 206119
[2026-04-04 17:30:26,090] ERROR django.request — Internal Server Error: /api/admin/applications/
Traceback (most recent call last):
  File "/home/caterinw/.local/lib/python3.14/site-packages/django/db/backends/base/base.py", line 279, in ensure_connection
    self.connect()
    ~~~~~~~~~~~~^^
  File "/home/caterinw/.local/lib/python3.14/site-packages/django/utils/asyncio.py", line 26, in inner
    return func(*args, **kwargs)
  File "/home/caterinw/.local/lib/python3.14/site-packages/django/db/backends/base/base.py", line 256, in connect
    self.connection = self.get_new_connection(conn_params)
                      ~~~~~~~~~~~~~~~~~~~~~~~^^^^^^^^^^^^^
  File "/home/caterinw/.local/lib/python3.14/site-packages/django/utils/asyncio.py", line 26, in inner
    return func(*args, **kwargs)
  File "/home/caterinw/.local/lib/python3.14/site-packages/django/db/backends/postgresql/base.py", line 333, in get_new_connection
    connection = self.Database.connect(**conn_params)
  File "/home/caterinw/.local/lib/python3.14/site-packages/psycopg2/__init__.py", line 122, in connect
    conn = _connect(dsn, connection_factory=connection_factory, **kwasync)
psycopg2.OperationalError: could not translate host name "db.ogbabrukutngsdlbryne.supabase.co" to address: No address associated with hostname


The above exception was the direct cause of the following exception:

Traceback (most recent call last):
  File "/home/caterinw/.local/lib/python3.14/site-packages/django/core/handlers/exception.py", line 55, in inner
    response = get_response(request)
  File "/home/caterinw/.local/lib/python3.14/site-packages/django/core/handlers/base.py", line 198, in _get_response
    response = wrapped_callback(request, *callback_args, **callback_kwargs)
  File "/home/caterinw/.local/lib/python3.14/site-packages/django/views/decorators/csrf.py", line 65, in _view_wrapper
    return view_func(request, *args, **kwargs)
  File "/home/caterinw/.local/lib/python3.14/site-packages/django/views/generic/base.py", line 106, in view
    return self.dispatch(request, *args, **kwargs)
           ~~~~~~~~~~~~~^^^^^^^^^^^^^^^^^^^^^^^^^^
  File "/home/caterinw/.local/lib/python3.14/site-packages/rest_framework/views.py", line 515, in dispatch
    response = self.handle_exception(exc)
  File "/home/caterinw/.local/lib/python3.14/site-packages/rest_framework/views.py", line 475, in handle_exception
    self.raise_uncaught_exception(exc)
    ~~~~~~~~~~~~~~~~~~~~~~~~~~~~~^^^^^
  File "/home/caterinw/.local/lib/python3.14/site-packages/rest_framework/views.py", line 486, in raise_uncaught_exception
    raise exc
  File "/home/caterinw/.local/lib/python3.14/site-packages/rest_framework/views.py", line 512, in dispatch
    response = handler(request, *args, **kwargs)
  File "/home/caterinw/.local/lib/python3.14/site-packages/rest_framework/decorators.py", line 50, in handler
    return func(*args, **kwargs)
  File "/home/caterinw/Indrive-AI/backend/candidates/views.py", line 390, in admin_applications
    for app in queryset[:100]:  # cap at 100
               ~~~~~~~~^^^^^^
  File "/home/caterinw/.local/lib/python3.14/site-packages/django/db/models/query.py", line 390, in __iter__
    self._fetch_all()
    ~~~~~~~~~~~~~~~^^
  File "/home/caterinw/.local/lib/python3.14/site-packages/django/db/models/query.py", line 2000, in _fetch_all
    self._result_cache = list(self._iterable_class(self))
                         ~~~~^^^^^^^^^^^^^^^^^^^^^^^^^^^^
  File "/home/caterinw/.local/lib/python3.14/site-packages/django/db/models/query.py", line 95, in __iter__
    results = compiler.execute_sql(
        chunked_fetch=self.chunked_fetch, chunk_size=self.chunk_size
    )
  File "/home/caterinw/.local/lib/python3.14/site-packages/django/db/models/sql/compiler.py", line 1622, in execute_sql
    cursor = self.connection.cursor()
  File "/home/caterinw/.local/lib/python3.14/site-packages/django/utils/asyncio.py", line 26, in inner
    return func(*args, **kwargs)
  File "/home/caterinw/.local/lib/python3.14/site-packages/django/db/backends/base/base.py", line 320, in cursor
    return self._cursor()
           ~~~~~~~~~~~~^^
  File "/home/caterinw/.local/lib/python3.14/site-packages/django/db/backends/base/base.py", line 296, in _cursor
    self.ensure_connection()
    ~~~~~~~~~~~~~~~~~~~~~~^^
  File "/home/caterinw/.local/lib/python3.14/site-packages/django/utils/asyncio.py", line 26, in inner
    return func(*args, **kwargs)
  File "/home/caterinw/.local/lib/python3.14/site-packages/django/db/backends/base/base.py", line 278, in ensure_connection
    with self.wrap_database_errors:
         ^^^^^^^^^^^^^^^^^^^^^^^^^
  File "/home/caterinw/.local/lib/python3.14/site-packages/django/db/utils.py", line 94, in __exit__
    raise dj_exc_value.with_traceback(traceback) from exc_value
  File "/home/caterinw/.local/lib/python3.14/site-packages/django/db/backends/base/base.py", line 279, in ensure_connection
    self.connect()
    ~~~~~~~~~~~~^^
  File "/home/caterinw/.local/lib/python3.14/site-packages/django/utils/asyncio.py", line 26, in inner
    return func(*args, **kwargs)
  File "/home/caterinw/.local/lib/python3.14/site-packages/django/db/backends/base/base.py", line 256, in connect
    self.connection = self.get_new_connection(conn_params)
                      ~~~~~~~~~~~~~~~~~~~~~~~^^^^^^^^^^^^^
  File "/home/caterinw/.local/lib/python3.14/site-packages/django/utils/asyncio.py", line 26, in inner
    return func(*args, **kwargs)
  File "/home/caterinw/.local/lib/python3.14/site-packages/django/db/backends/postgresql/base.py", line 333, in get_new_connection
    connection = self.Database.connect(**conn_params)
  File "/home/caterinw/.local/lib/python3.14/site-packages/psycopg2/__init__.py", line 122, in connect
    conn = _connect(dsn, connection_factory=connection_factory, **kwasync)
django.db.utils.OperationalError: could not translate host name "db.ogbabrukutngsdlbryne.supabase.co" to address: No address associated with hostname

[2026-04-04 17:30:26,099] ERROR django.server — "GET /api/admin/applications/? HTTP/1.1" 500 206119
[2026-04-04 17:30:49,974] ERROR django.request — Internal Server Error: /api/admin/applications/
Traceback (most recent call last):
  File "/home/caterinw/.local/lib/python3.14/site-packages/django/db/backends/base/base.py", line 279, in ensure_connection
    self.connect()
    ~~~~~~~~~~~~^^
  File "/home/caterinw/.local/lib/python3.14/site-packages/django/utils/asyncio.py", line 26, in inner
    return func(*args, **kwargs)
  File "/home/caterinw/.local/lib/python3.14/site-packages/django/db/backends/base/base.py", line 256, in connect
    self.connection = self.get_new_connection(conn_params)
                      ~~~~~~~~~~~~~~~~~~~~~~~^^^^^^^^^^^^^
  File "/home/caterinw/.local/lib/python3.14/site-packages/django/utils/asyncio.py", line 26, in inner
    return func(*args, **kwargs)
  File "/home/caterinw/.local/lib/python3.14/site-packages/django/db/backends/postgresql/base.py", line 333, in get_new_connection
    connection = self.Database.connect(**conn_params)
  File "/home/caterinw/.local/lib/python3.14/site-packages/psycopg2/__init__.py", line 122, in connect
    conn = _connect(dsn, connection_factory=connection_factory, **kwasync)
psycopg2.OperationalError: could not translate host name "db.ogbabrukutngsdlbryne.supabase.co" to address: No address associated with hostname


The above exception was the direct cause of the following exception:

Traceback (most recent call last):
  File "/home/caterinw/.local/lib/python3.14/site-packages/django/core/handlers/exception.py", line 55, in inner
    response = get_response(request)
  File "/home/caterinw/.local/lib/python3.14/site-packages/django/core/handlers/base.py", line 198, in _get_response
    response = wrapped_callback(request, *callback_args, **callback_kwargs)
  File "/home/caterinw/.local/lib/python3.14/site-packages/django/views/decorators/csrf.py", line 65, in _view_wrapper
    return view_func(request, *args, **kwargs)
  File "/home/caterinw/.local/lib/python3.14/site-packages/django/views/generic/base.py", line 106, in view
    return self.dispatch(request, *args, **kwargs)
           ~~~~~~~~~~~~~^^^^^^^^^^^^^^^^^^^^^^^^^^
  File "/home/caterinw/.local/lib/python3.14/site-packages/rest_framework/views.py", line 515, in dispatch
    response = self.handle_exception(exc)
  File "/home/caterinw/.local/lib/python3.14/site-packages/rest_framework/views.py", line 475, in handle_exception
    self.raise_uncaught_exception(exc)
    ~~~~~~~~~~~~~~~~~~~~~~~~~~~~~^^^^^
  File "/home/caterinw/.local/lib/python3.14/site-packages/rest_framework/views.py", line 486, in raise_uncaught_exception
    raise exc
  File "/home/caterinw/.local/lib/python3.14/site-packages/rest_framework/views.py", line 512, in dispatch
    response = handler(request, *args, **kwargs)
  File "/home/caterinw/.local/lib/python3.14/site-packages/rest_framework/decorators.py", line 50, in handler
    return func(*args, **kwargs)
  File "/home/caterinw/Indrive-AI/backend/candidates/views.py", line 390, in admin_applications
    for app in queryset[:100]:  # cap at 100
               ~~~~~~~~^^^^^^
  File "/home/caterinw/.local/lib/python3.14/site-packages/django/db/models/query.py", line 390, in __iter__
    self._fetch_all()
    ~~~~~~~~~~~~~~~^^
  File "/home/caterinw/.local/lib/python3.14/site-packages/django/db/models/query.py", line 2000, in _fetch_all
    self._result_cache = list(self._iterable_class(self))
                         ~~~~^^^^^^^^^^^^^^^^^^^^^^^^^^^^
  File "/home/caterinw/.local/lib/python3.14/site-packages/django/db/models/query.py", line 95, in __iter__
    results = compiler.execute_sql(
        chunked_fetch=self.chunked_fetch, chunk_size=self.chunk_size
    )
  File "/home/caterinw/.local/lib/python3.14/site-packages/django/db/models/sql/compiler.py", line 1622, in execute_sql
    cursor = self.connection.cursor()
  File "/home/caterinw/.local/lib/python3.14/site-packages/django/utils/asyncio.py", line 26, in inner
    return func(*args, **kwargs)
  File "/home/caterinw/.local/lib/python3.14/site-packages/django/db/backends/base/base.py", line 320, in cursor
    return self._cursor()
           ~~~~~~~~~~~~^^
  File "/home/caterinw/.local/lib/python3.14/site-packages/django/db/backends/base/base.py", line 296, in _cursor
    self.ensure_connection()
    ~~~~~~~~~~~~~~~~~~~~~~^^
  File "/home/caterinw/.local/lib/python3.14/site-packages/django/utils/asyncio.py", line 26, in inner
    return func(*args, **kwargs)
  File "/home/caterinw/.local/lib/python3.14/site-packages/django/db/backends/base/base.py", line 278, in ensure_connection
    with self.wrap_database_errors:
         ^^^^^^^^^^^^^^^^^^^^^^^^^
  File "/home/caterinw/.local/lib/python3.14/site-packages/django/db/utils.py", line 94, in __exit__
    raise dj_exc_value.with_traceback(traceback) from exc_value
  File "/home/caterinw/.local/lib/python3.14/site-packages/django/db/backends/base/base.py", line 279, in ensure_connection
    self.connect()
    ~~~~~~~~~~~~^^
  File "/home/caterinw/.local/lib/python3.14/site-packages/django/utils/asyncio.py", line 26, in inner
    return func(*args, **kwargs)
  File "/home/caterinw/.local/lib/python3.14/site-packages/django/db/backends/base/base.py", line 256, in connect
    self.connection = self.get_new_connection(conn_params)
                      ~~~~~~~~~~~~~~~~~~~~~~~^^^^^^^^^^^^^
  File "/home/caterinw/.local/lib/python3.14/site-packages/django/utils/asyncio.py", line 26, in inner
    return func(*args, **kwargs)
  File "/home/caterinw/.local/lib/python3.14/site-packages/django/db/backends/postgresql/base.py", line 333, in get_new_connection
    connection = self.Database.connect(**conn_params)
  File "/home/caterinw/.local/lib/python3.14/site-packages/psycopg2/__init__.py", line 122, in connect
    conn = _connect(dsn, connection_factory=connection_factory, **kwasync)
django.db.utils.OperationalError: could not translate host name "db.ogbabrukutngsdlbryne.supabase.co" to address: No address associated with hostname

[2026-04-04 17:30:49,984] ERROR django.server — "GET /api/admin/applications/? HTTP/1.1" 500 206119
[2026-04-04 17:39:18,217] ERROR candidates — Ошибка массового скоринга: could not translate host name "db.ogbabrukutngsdlbryne.supabase.co" to address: No address associated with hostname

[2026-04-04 17:39:18,219] ERROR django.request — Internal Server Error: /api/admin/applications/score-all/
[2026-04-04 17:39:18,220] ERROR django.server — "POST /api/admin/applications/score-all/ HTTP/1.1" 500 145
[2026-04-04 20:59:18,371] ERROR candidates — Ошибка скоринга заявки #5: Feature shape mismatch, expected: 23, got 31
[2026-04-04 20:59:18,372] ERROR django.request — Internal Server Error: /api/admin/applications/5/score/
[2026-04-04 20:59:18,372] ERROR django.server — "POST /api/admin/applications/5/score/ HTTP/1.1" 500 87
[2026-04-04 20:59:18,661] ERROR candidates — Ошибка скоринга заявки #5: Feature shape mismatch, expected: 23, got 31
[2026-04-04 20:59:18,663] ERROR django.request — Internal Server Error: /api/admin/applications/5/score/
[2026-04-04 20:59:18,664] ERROR django.server — "POST /api/admin/applications/5/score/ HTTP/1.1" 500 87
[2026-04-04 21:00:09,683] ERROR candidates — Ошибка скоринга заявки #5: Feature shape mismatch, expected: 23, got 31
[2026-04-04 21:00:09,684] ERROR django.request — Internal Server Error: /api/admin/applications/5/score/
[2026-04-04 21:00:09,685] ERROR django.server — "POST /api/admin/applications/5/score/ HTTP/1.1" 500 87
[2026-04-04 21:00:14,371] ERROR candidates — Ошибка скоринга #5: Feature shape mismatch, expected: 23, got 31
[2026-04-04 21:04:30,174] ERROR candidates — Ошибка скоринга заявки #5: index 23 is out of bounds for axis 0 with size 23
[2026-04-04 21:04:30,178] ERROR django.request — Internal Server Error: /api/admin/applications/5/score/
[2026-04-04 21:04:30,559] ERROR candidates — Ошибка скоринга заявки #5: index 23 is out of bounds for axis 0 with size 23
[2026-04-04 21:04:30,560] ERROR django.request — Internal Server Error: /api/admin/applications/5/score/
[2026-04-04 21:04:30,687] ERROR candidates — Ошибка скоринга #5: index 23 is out of bounds for axis 0 with size 23
[2026-04-04 21:04:31,073] ERROR candidates — Ошибка скоринга #5: index 23 is out of bounds for axis 0 with size 23
[2026-04-04 21:14:12,834] ERROR candidates — Ошибка скоринга заявки #5: index 23 is out of bounds for axis 0 with size 23
[2026-04-04 21:14:12,835] ERROR django.request — Internal Server Error: /api/admin/applications/5/score/
[2026-04-04 21:14:12,836] ERROR django.server — "POST /api/admin/applications/5/score/ HTTP/1.1" 500 92
[2026-04-04 21:14:16,083] ERROR candidates — Ошибка скоринга заявки #5: index 23 is out of bounds for axis 0 with size 23
[2026-04-04 21:14:16,084] ERROR django.request — Internal Server Error: /api/admin/applications/5/score/
[2026-04-04 21:14:16,085] ERROR django.server — "POST /api/admin/applications/5/score/ HTTP/1.1" 500 92
[2026-04-04 21:14:16,115] ERROR candidates — Ошибка скоринга заявки #5: index 23 is out of bounds for axis 0 with size 23
[2026-04-04 21:14:16,116] ERROR django.request — Internal Server Error: /api/admin/applications/5/score/
[2026-04-04 21:14:16,116] ERROR django.server — "POST /api/admin/applications/5/score/ HTTP/1.1" 500 92
[2026-04-04 21:14:21,649] ERROR candidates — Ошибка скоринга #5: index 23 is out of bounds for axis 0 with size 23
[2026-04-04 21:15:03,534] ERROR candidates — Ошибка скоринга #5: index 23 is out of bounds for axis 0 with size 23
[2026-04-04 21:24:17,195] ERROR candidates — Ошибка скоринга #5: index 23 is out of bounds for axis 0 with size 23
[2026-04-04 21:48:49,496] ERROR candidates — Ошибка скоринга заявки #5: index 23 is out of bounds for axis 0 with size 23
[2026-04-04 21:48:49,497] ERROR django.request — Internal Server Error: /api/admin/applications/5/score/
[2026-04-04 21:48:49,498] ERROR django.server — "POST /api/admin/applications/5/score/ HTTP/1.1" 500 92
[2026-04-04 21:48:49,588] ERROR candidates — Ошибка скоринга заявки #5: index 23 is out of bounds for axis 0 with size 23
[2026-04-04 21:48:49,589] ERROR django.request — Internal Server Error: /api/admin/applications/5/score/
[2026-04-04 21:48:50,220] ERROR candidates — Ошибка скоринга заявки #5: index 23 is out of bounds for axis 0 with size 23
[2026-04-04 21:48:50,220] ERROR django.request — Internal Server Error: /api/admin/applications/5/score/
[2026-04-04 21:49:05,884] ERROR candidates — Ошибка скоринга заявки #5: index 23 is out of bounds for axis 0 with size 23
[2026-04-04 21:49:05,885] ERROR django.request — Internal Server Error: /api/admin/applications/5/score/
[2026-04-04 21:49:05,886] ERROR django.server — "POST /api/admin/applications/5/score/ HTTP/1.1" 500 92
[2026-04-04 21:56:27,299] ERROR candidates — Ошибка скоринга заявки #5: index 23 is out of bounds for axis 0 with size 23
[2026-04-04 21:56:27,300] ERROR django.request — Internal Server Error: /api/admin/applications/5/score/
[2026-04-04 21:56:27,300] ERROR django.server — "POST /api/admin/applications/5/score/ HTTP/1.1" 500 92
